android/app/build/intermediates/manifest_merge_blame_file/debug/processDebugMainManifest/manifest-merger-blame-debug-report.txt
1<?xml version="1.0" encoding="utf-8"?>
2<manifest xmlns:android="http://schemas.android.com/apk/res/android"
3    package="com.example.garagedoor"
4    android:versionCode="1"
5    android:versionName="1.0" >
6
7    <uses-sdk
7-->INJECTED
8        android:minSdkVersion="21"
8-->INJECTED
9        android:targetSdkVersion="34" />
9-->INJECTED
10
11    <uses-permission android:name="android.permission.BLUETOOTH" />
11-->src\main\AndroidManifest.xml:5:5-68
11-->src\main\AndroidManifest.xml:5:22-65
12    <uses-permission android:name="android.permission.BLUETOOTH_ADMIN" />
12-->src\main\AndroidManifest.xml:6:5-74
12-->src\main\AndroidManifest.xml:6:22-71
13    <uses-permission android:name="android.permission.BLUETOOTH_SCAN" />
13-->src\main\AndroidManifest.xml:7:5-73
13-->src\main\AndroidManifest.xml:7:22-70
14    <uses-permission android:name="android.permission.BLUETOOTH_CONNECT" />
14-->src\main\AndroidManifest.xml:8:5-76
14-->src\main\AndroidManifest.xml:8:22-73
15    <uses-permission android:name="android.permission.ACCESS_FINE_LOCATION" />
15-->src\main\AndroidManifest.xml:9:5-79
15-->src\main\AndroidManifest.xml:9:22-76
16    <uses-permission android:name="android.permission.FOREGROUND_SERVICE" />
16-->src\main\AndroidManifest.xml:10:5-77
16-->src\main\AndroidManifest.xml:10:22-74
17    <uses-permission android:name="android.permission.FOREGROUND_SERVICE_CONNECTED_DEVICE" />
17-->src\main\AndroidManifest.xml:11:5-94
17-->src\main\AndroidManifest.xml:11:22-91
18
19    <queries>
19-->[androidx.car.app:app:1.7.0] AndroidManifest.xml:23:5-28:15
20        <provider
20-->[androidx.car.app:app:1.7.0] AndroidManifest.xml:24:9-27:43
21            android:name="androidx.car.app.connection.provider"
21-->[androidx.car.app:app:1.7.0] AndroidManifest.xml:25:13-64
22            android:authorities="androidx.car.app.connection" />
22-->[androidx.car.app:app:1.7.0] AndroidManifest.xml:26:13-62
23    </queries>
24
25    <permission
25-->[androidx.core:core:1.12.0] AndroidManifest.xml:22:5-24:47
26        android:name="com.example.garagedoor.DYNAMIC_RECEIVER_NOT_EXPORTED_PERMISSION"
26-->[androidx.core:core:1.12.0] AndroidManifest.xml:23:9-81
27        android:protectionLevel="signature" />
27-->[androidx.core:core:1.12.0] AndroidManifest.xml:24:9-44
28
29    <uses-permission android:name="com.example.garagedoor.DYNAMIC_RECEIVER_NOT_EXPORTED_PERMISSION" />
29-->[androidx.core:core:1.12.0] AndroidManifest.xml:26:5-97
29-->[androidx.core:core:1.12.0] AndroidManifest.xml:26:22-94
30
31    <application
31-->src\main\AndroidManifest.xml:13:5-63:19
32        android:allowBackup="true"
32-->src\main\AndroidManifest.xml:14:9-35
33        android:appComponentFactory="androidx.core.app.CoreComponentFactory"
33-->[androidx.core:core:1.12.0] AndroidManifest.xml:28:18-86
34        android:debuggable="true"
35        android:extractNativeLibs="true"
35-->INJECTED
36        android:icon="@mipmap/ic_launcher"
36-->src\main\AndroidManifest.xml:15:9-43
37        android:label="@string/app_name"
37-->src\main\AndroidManifest.xml:16:9-41
38        android:roundIcon="@mipmap/ic_launcher_round"
38-->src\main\AndroidManifest.xml:17:9-54
39        android:supportsRtl="true"
39-->src\main\AndroidManifest.xml:18:9-35
40        android:testOnly="true"
41        android:theme="@style/Theme.GarageDoor" >
41-->src\main\AndroidManifest.xml:19:9-48
42        <activity
42-->src\main\AndroidManifest.xml:21:9-28:20
43            android:name="com.example.garagedoor.ui.MainActivity"
43-->src\main\AndroidManifest.xml:22:13-44
44            android:exported="true" >
44-->src\main\AndroidManifest.xml:23:13-36
45            <intent-filter>
45-->src\main\AndroidManifest.xml:24:13-27:29
46                <action android:name="android.intent.action.MAIN" />
46-->src\main\AndroidManifest.xml:25:17-69
46-->src\main\AndroidManifest.xml:25:25-66
47
48                <category android:name="android.intent.category.LAUNCHER" />
48-->src\main\AndroidManifest.xml:26:17-77
48-->src\main\AndroidManifest.xml:26:27-74
49            </intent-filter>
50        </activity>
51        <activity
51-->src\main\AndroidManifest.xml:30:9-33:61
52            android:name="com.example.garagedoor.ui.ConfigurationActivity"
52-->src\main\AndroidManifest.xml:31:13-53
53            android:label="Settings"
53-->src\main\AndroidManifest.xml:32:13-37
54            android:parentActivityName="com.example.garagedoor.ui.MainActivity" />
54-->src\main\AndroidManifest.xml:33:13-58
55
56        <service
56-->src\main\AndroidManifest.xml:35:9-39:63
57            android:name="com.example.garagedoor.ble.BleService"
57-->src\main\AndroidManifest.xml:36:13-43
58            android:enabled="true"
58-->src\main\AndroidManifest.xml:37:13-35
59            android:exported="false"
59-->src\main\AndroidManifest.xml:38:13-37
60            android:foregroundServiceType="connectedDevice" />
60-->src\main\AndroidManifest.xml:39:13-60
61
62        <!-- Android Auto Service -->
63        <service
63-->src\main\AndroidManifest.xml:42:9-49:19
64            android:name="com.example.garagedoor.car.GarageDoorCarAppService"
64-->src\main\AndroidManifest.xml:43:13-56
65            android:exported="true" >
65-->src\main\AndroidManifest.xml:44:13-36
66            <intent-filter>
66-->src\main\AndroidManifest.xml:45:13-48:29
67                <action android:name="androidx.car.app.CarAppService" />
67-->src\main\AndroidManifest.xml:46:17-73
67-->src\main\AndroidManifest.xml:46:25-70
68
69                <category android:name="androidx.car.app.category.IOT" />
69-->src\main\AndroidManifest.xml:47:17-74
69-->src\main\AndroidManifest.xml:47:27-71
70            </intent-filter>
71        </service>
72
73        <meta-data
73-->src\main\AndroidManifest.xml:51:9-53:33
74            android:name="androidx.car.app.minCarApiLevel"
74-->src\main\AndroidManifest.xml:52:13-59
75            android:value="1" />
75-->src\main\AndroidManifest.xml:53:13-30
76        <meta-data
76-->src\main\AndroidManifest.xml:55:9-57:59
77            android:name="com.google.android.gms.car.application"
77-->src\main\AndroidManifest.xml:56:13-66
78            android:resource="@xml/automotive_app_desc" />
78-->src\main\AndroidManifest.xml:57:13-56
79        <meta-data
79-->src\main\AndroidManifest.xml:59:9-61:36
80            android:name="distractionOptimized"
80-->src\main\AndroidManifest.xml:60:13-48
81            android:value="true" />
81-->src\main\AndroidManifest.xml:61:13-33
82
83        <activity
83-->[androidx.car.app:app:1.7.0] AndroidManifest.xml:31:9-34:75
84            android:name="androidx.car.app.CarAppPermissionActivity"
84-->[androidx.car.app:app:1.7.0] AndroidManifest.xml:32:13-69
85            android:exported="false"
85-->[androidx.car.app:app:1.7.0] AndroidManifest.xml:33:13-37
86            android:theme="@android:style/Theme.Translucent.NoTitleBar" />
86-->[androidx.car.app:app:1.7.0] AndroidManifest.xml:34:13-72
87
88        <receiver
88-->[androidx.car.app:app:1.7.0] AndroidManifest.xml:36:9-38:40
89            android:name="androidx.car.app.notification.CarAppNotificationBroadcastReceiver"
89-->[androidx.car.app:app:1.7.0] AndroidManifest.xml:37:13-93
90            android:exported="false" />
90-->[androidx.car.app:app:1.7.0] AndroidManifest.xml:38:13-37
91
92        <provider
92-->[androidx.emoji2:emoji2:1.2.0] AndroidManifest.xml:24:9-32:20
93            android:name="androidx.startup.InitializationProvider"
93-->[androidx.emoji2:emoji2:1.2.0] AndroidManifest.xml:25:13-67
94            android:authorities="com.example.garagedoor.androidx-startup"
94-->[androidx.emoji2:emoji2:1.2.0] AndroidManifest.xml:26:13-68
95            android:exported="false" >
95-->[androidx.emoji2:emoji2:1.2.0] AndroidManifest.xml:27:13-37
96            <meta-data
96-->[androidx.emoji2:emoji2:1.2.0] AndroidManifest.xml:29:13-31:52
97                android:name="androidx.emoji2.text.EmojiCompatInitializer"
97-->[androidx.emoji2:emoji2:1.2.0] AndroidManifest.xml:30:17-75
98                android:value="androidx.startup" />
98-->[androidx.emoji2:emoji2:1.2.0] AndroidManifest.xml:31:17-49
99            <meta-data
99-->[androidx.lifecycle:lifecycle-process:2.6.1] AndroidManifest.xml:29:13-31:52
100                android:name="androidx.lifecycle.ProcessLifecycleInitializer"
100-->[androidx.lifecycle:lifecycle-process:2.6.1] AndroidManifest.xml:30:17-78
101                android:value="androidx.startup" />
101-->[androidx.lifecycle:lifecycle-process:2.6.1] AndroidManifest.xml:31:17-49
102            <meta-data
102-->[androidx.profileinstaller:profileinstaller:1.3.0] AndroidManifest.xml:29:13-31:52
103                android:name="androidx.profileinstaller.ProfileInstallerInitializer"
103-->[androidx.profileinstaller:profileinstaller:1.3.0] AndroidManifest.xml:30:17-85
104                android:value="androidx.startup" />
104-->[androidx.profileinstaller:profileinstaller:1.3.0] AndroidManifest.xml:31:17-49
105        </provider>
106
107        <receiver
107-->[androidx.profileinstaller:profileinstaller:1.3.0] AndroidManifest.xml:34:9-52:20
108            android:name="androidx.profileinstaller.ProfileInstallReceiver"
108-->[androidx.profileinstaller:profileinstaller:1.3.0] AndroidManifest.xml:35:13-76
109            android:directBootAware="false"
109-->[androidx.profileinstaller:profileinstaller:1.3.0] AndroidManifest.xml:36:13-44
110            android:enabled="true"
110-->[androidx.profileinstaller:profileinstaller:1.3.0] AndroidManifest.xml:37:13-35
111            android:exported="true"
111-->[androidx.profileinstaller:profileinstaller:1.3.0] AndroidManifest.xml:38:13-36
112            android:permission="android.permission.DUMP" >
112-->[androidx.profileinstaller:profileinstaller:1.3.0] AndroidManifest.xml:39:13-57
113            <intent-filter>
113-->[androidx.profileinstaller:profileinstaller:1.3.0] AndroidManifest.xml:40:13-42:29
114                <action android:name="androidx.profileinstaller.action.INSTALL_PROFILE" />
114-->[androidx.profileinstaller:profileinstaller:1.3.0] AndroidManifest.xml:41:17-91
114-->[androidx.profileinstaller:profileinstaller:1.3.0] AndroidManifest.xml:41:25-88
115            </intent-filter>
116            <intent-filter>
116-->[androidx.profileinstaller:profileinstaller:1.3.0] AndroidManifest.xml:43:13-45:29
117                <action android:name="androidx.profileinstaller.action.SKIP_FILE" />
117-->[androidx.profileinstaller:profileinstaller:1.3.0] AndroidManifest.xml:44:17-85
117-->[androidx.profileinstaller:profileinstaller:1.3.0] AndroidManifest.xml:44:25-82
118            </intent-filter>
119            <intent-filter>
119-->[androidx.profileinstaller:profileinstaller:1.3.0] AndroidManifest.xml:46:13-48:29
120                <action android:name="androidx.profileinstaller.action.SAVE_PROFILE" />
120-->[androidx.profileinstaller:profileinstaller:1.3.0] AndroidManifest.xml:47:17-88
120-->[androidx.profileinstaller:profileinstaller:1.3.0] AndroidManifest.xml:47:25-85
121            </intent-filter>
122            <intent-filter>
122-->[androidx.profileinstaller:profileinstaller:1.3.0] AndroidManifest.xml:49:13-51:29
123                <action android:name="androidx.profileinstaller.action.BENCHMARK_OPERATION" />
123-->[androidx.profileinstaller:profileinstaller:1.3.0] AndroidManifest.xml:50:17-95
123-->[androidx.profileinstaller:profileinstaller:1.3.0] AndroidManifest.xml:50:25-92
124            </intent-filter>
125        </receiver>
126    </application>
127
128</manifest>